<?xml version="1.0" encoding="UTF-8"?>
<trace:TraceModel
    xmi:version="2.0"
    xmlns:xmi="http://www.omg.org/XMI"
    xmlns:trace="http://www.eclipse.org/gmf/2006/Trace">
  <nodeTraces
      visualID="2015"
      queryText="(let _eClass_:ecore::EClass = modelFacet.metaClass.ecoreClass in _eClass_.ePackage.nsURI = 'http:///gestionmodelosconsultas/modeloconsultas/quien.ecore' and _eClass_.name = 'UnidadOrganizacional') and (let _containmentMF_:ecore::EStructuralFeature = modelFacet.containmentMetaFeature.ecoreFeature in (let _eClass_:ecore::EClass = _containmentMF_.eContainingClass in _eClass_.ePackage.nsURI = 'http:///gestionmodelosconsultas/modeloconsultas/model.ecore' and _eClass_.name = 'EADiagram') and _containmentMF_.name = 'listElementoConsulta')">
    <nodeLabelTraces
        visualID="5031"
        queryText="true"/>
    <compartmentTraces
        visualID="7015"
        queryText="true"/>
  </nodeTraces>
  <nodeTraces
      visualID="2016"
      queryText="(let _eClass_:ecore::EClass = modelFacet.metaClass.ecoreClass in _eClass_.ePackage.nsURI = 'http:///gestionmodelosconsultas/modeloconsultas/que.ecore' and _eClass_.name = 'Documento') and (let _containmentMF_:ecore::EStructuralFeature = modelFacet.containmentMetaFeature.ecoreFeature in (let _eClass_:ecore::EClass = _containmentMF_.eContainingClass in _eClass_.ePackage.nsURI = 'http:///gestionmodelosconsultas/modeloconsultas/model.ecore' and _eClass_.name = 'EADiagram') and _containmentMF_.name = 'listElementoConsulta')">
    <nodeLabelTraces
        visualID="5032"
        queryText="true"/>
    <compartmentTraces
        visualID="7016"
        queryText="true"/>
  </nodeTraces>
  <nodeTraces
      visualID="2017"
      queryText="(let _eClass_:ecore::EClass = modelFacet.metaClass.ecoreClass in _eClass_.ePackage.nsURI = 'http:///gestionmodelosconsultas/modeloconsultas/como.ecore' and _eClass_.name = 'Actividad') and (let _containmentMF_:ecore::EStructuralFeature = modelFacet.containmentMetaFeature.ecoreFeature in (let _eClass_:ecore::EClass = _containmentMF_.eContainingClass in _eClass_.ePackage.nsURI = 'http:///gestionmodelosconsultas/modeloconsultas/model.ecore' and _eClass_.name = 'EADiagram') and _containmentMF_.name = 'listElementoConsulta')">
    <nodeLabelTraces
        visualID="5033"
        queryText="true"/>
    <compartmentTraces
        visualID="7017"
        queryText="true"/>
  </nodeTraces>
  <nodeTraces
      visualID="2018"
      queryText="(let _eClass_:ecore::EClass = modelFacet.metaClass.ecoreClass in _eClass_.ePackage.nsURI = 'http:///gestionmodelosconsultas/modeloconsultas/quien.ecore' and _eClass_.name = 'Actor') and (let _containmentMF_:ecore::EStructuralFeature = modelFacet.containmentMetaFeature.ecoreFeature in (let _eClass_:ecore::EClass = _containmentMF_.eContainingClass in _eClass_.ePackage.nsURI = 'http:///gestionmodelosconsultas/modeloconsultas/model.ecore' and _eClass_.name = 'EADiagram') and _containmentMF_.name = 'listElementoConsulta')">
    <nodeLabelTraces
        visualID="5034"
        queryText="true"/>
    <compartmentTraces
        visualID="7018"
        queryText="true"/>
  </nodeTraces>
  <nodeTraces
      visualID="2019"
      queryText="(let _eClass_:ecore::EClass = modelFacet.metaClass.ecoreClass in _eClass_.ePackage.nsURI = 'http:///gestionmodelosconsultas/modeloconsultas/donde.ecore' and _eClass_.name = 'Armario') and (let _containmentMF_:ecore::EStructuralFeature = modelFacet.containmentMetaFeature.ecoreFeature in (let _eClass_:ecore::EClass = _containmentMF_.eContainingClass in _eClass_.ePackage.nsURI = 'http:///gestionmodelosconsultas/modeloconsultas/model.ecore' and _eClass_.name = 'EADiagram') and _containmentMF_.name = 'listElementoConsulta')">
    <nodeLabelTraces
        visualID="5035"
        queryText="true"/>
    <compartmentTraces
        visualID="7019"
        queryText="true"/>
  </nodeTraces>
  <nodeTraces
      visualID="2020"
      queryText="(let _eClass_:ecore::EClass = modelFacet.metaClass.ecoreClass in _eClass_.ePackage.nsURI = 'http:///gestionmodelosconsultas/modeloconsultas/que.ecore' and _eClass_.name = 'Comunicacion') and (let _containmentMF_:ecore::EStructuralFeature = modelFacet.containmentMetaFeature.ecoreFeature in (let _eClass_:ecore::EClass = _containmentMF_.eContainingClass in _eClass_.ePackage.nsURI = 'http:///gestionmodelosconsultas/modeloconsultas/model.ecore' and _eClass_.name = 'EADiagram') and _containmentMF_.name = 'listElementoConsulta')">
    <nodeLabelTraces
        visualID="5036"
        queryText="true"/>
    <compartmentTraces
        visualID="7020"
        queryText="true"/>
  </nodeTraces>
  <nodeTraces
      visualID="2021"
      queryText="(let _eClass_:ecore::EClass = modelFacet.metaClass.ecoreClass in _eClass_.ePackage.nsURI = 'http:///gestionmodelosconsultas/modeloconsultas/quien.ecore' and _eClass_.name = 'Contacto') and (let _containmentMF_:ecore::EStructuralFeature = modelFacet.containmentMetaFeature.ecoreFeature in (let _eClass_:ecore::EClass = _containmentMF_.eContainingClass in _eClass_.ePackage.nsURI = 'http:///gestionmodelosconsultas/modeloconsultas/model.ecore' and _eClass_.name = 'EADiagram') and _containmentMF_.name = 'listElementoConsulta')">
    <nodeLabelTraces
        visualID="5037"
        queryText="true"/>
    <compartmentTraces
        visualID="7021"
        queryText="true"/>
  </nodeTraces>
  <nodeTraces
      visualID="2022"
      queryText="(let _eClass_:ecore::EClass = modelFacet.metaClass.ecoreClass in _eClass_.ePackage.nsURI = 'http:///gestionmodelosconsultas/modeloconsultas/donde.ecore' and _eClass_.name = 'Deposito') and (let _containmentMF_:ecore::EStructuralFeature = modelFacet.containmentMetaFeature.ecoreFeature in (let _eClass_:ecore::EClass = _containmentMF_.eContainingClass in _eClass_.ePackage.nsURI = 'http:///gestionmodelosconsultas/modeloconsultas/model.ecore' and _eClass_.name = 'EADiagram') and _containmentMF_.name = 'listElementoConsulta')">
    <nodeLabelTraces
        visualID="5038"
        queryText="true"/>
    <compartmentTraces
        visualID="7022"
        queryText="true"/>
  </nodeTraces>
  <nodeTraces
      visualID="2023"
      queryText="(let _eClass_:ecore::EClass = modelFacet.metaClass.ecoreClass in _eClass_.ePackage.nsURI = 'http:///gestionmodelosconsultas/modeloconsultas/donde.ecore' and _eClass_.name = 'Disco') and (let _containmentMF_:ecore::EStructuralFeature = modelFacet.containmentMetaFeature.ecoreFeature in (let _eClass_:ecore::EClass = _containmentMF_.eContainingClass in _eClass_.ePackage.nsURI = 'http:///gestionmodelosconsultas/modeloconsultas/model.ecore' and _eClass_.name = 'EADiagram') and _containmentMF_.name = 'listElementoConsulta')">
    <nodeLabelTraces
        visualID="5039"
        queryText="true"/>
    <compartmentTraces
        visualID="7023"
        queryText="true"/>
  </nodeTraces>
  <nodeTraces
      visualID="2024"
      queryText="(let _eClass_:ecore::EClass = modelFacet.metaClass.ecoreClass in _eClass_.ePackage.nsURI = 'http:///gestionmodelosconsultas/modeloconsultas/como.ecore' and _eClass_.name = 'InstanciaProceso') and (let _containmentMF_:ecore::EStructuralFeature = modelFacet.containmentMetaFeature.ecoreFeature in (let _eClass_:ecore::EClass = _containmentMF_.eContainingClass in _eClass_.ePackage.nsURI = 'http:///gestionmodelosconsultas/modeloconsultas/model.ecore' and _eClass_.name = 'EADiagram') and _containmentMF_.name = 'listElementoConsulta')">
    <nodeLabelTraces
        visualID="5040"
        queryText="true"/>
    <compartmentTraces
        visualID="7024"
        queryText="true"/>
  </nodeTraces>
  <nodeTraces
      visualID="2025"
      queryText="(let _eClass_:ecore::EClass = modelFacet.metaClass.ecoreClass in _eClass_.ePackage.nsURI = 'http:///gestionmodelosconsultas/modeloconsultas/quien.ecore' and _eClass_.name = 'Quien') and (let _containmentMF_:ecore::EStructuralFeature = modelFacet.containmentMetaFeature.ecoreFeature in (let _eClass_:ecore::EClass = _containmentMF_.eContainingClass in _eClass_.ePackage.nsURI = 'http:///gestionmodelosconsultas/modeloconsultas/model.ecore' and _eClass_.name = 'EADiagram') and _containmentMF_.name = 'listElementoConsulta')">
    <nodeLabelTraces
        visualID="5041"
        queryText="true"/>
    <compartmentTraces
        visualID="7025"
        queryText="true"/>
  </nodeTraces>
  <nodeTraces
      visualID="2026"
      queryText="(let _eClass_:ecore::EClass = modelFacet.metaClass.ecoreClass in _eClass_.ePackage.nsURI = 'http:///gestionmodelosconsultas/modeloconsultas/quien.ecore' and _eClass_.name = 'Rol') and (let _containmentMF_:ecore::EStructuralFeature = modelFacet.containmentMetaFeature.ecoreFeature in (let _eClass_:ecore::EClass = _containmentMF_.eContainingClass in _eClass_.ePackage.nsURI = 'http:///gestionmodelosconsultas/modeloconsultas/model.ecore' and _eClass_.name = 'EADiagram') and _containmentMF_.name = 'listElementoConsulta')">
    <nodeLabelTraces
        visualID="5042"
        queryText="true"/>
    <compartmentTraces
        visualID="7026"
        queryText="true"/>
  </nodeTraces>
  <nodeTraces
      visualID="2027"
      queryText="(let _eClass_:ecore::EClass = modelFacet.metaClass.ecoreClass in _eClass_.ePackage.nsURI = 'http:///gestionmodelosconsultas/modeloconsultas/cuando.ecore' and _eClass_.name = 'Fecha') and (let _containmentMF_:ecore::EStructuralFeature = modelFacet.containmentMetaFeature.ecoreFeature in (let _eClass_:ecore::EClass = _containmentMF_.eContainingClass in _eClass_.ePackage.nsURI = 'http:///gestionmodelosconsultas/modeloconsultas/model.ecore' and _eClass_.name = 'EADiagram') and _containmentMF_.name = 'listElementoConsulta')">
    <nodeLabelTraces
        visualID="5043"
        queryText="true"/>
    <nodeLabelTraces
        visualID="5044"
        queryText="true"/>
    <nodeLabelTraces
        visualID="5045"
        queryText="true"/>
    <nodeLabelTraces
        visualID="5046"
        queryText="true"/>
    <compartmentTraces
        visualID="7027"
        queryText="true"/>
  </nodeTraces>
  <childNodeTraces
      visualID="3001"
      queryText="(let _eClass_:ecore::EClass = modelFacet.metaClass.ecoreClass in _eClass_.ePackage.nsURI = 'http:///gestionmodelosconsultas/modeloconsultas/model.ecore' and _eClass_.name = 'Campo') and (let _containmentMF_:ecore::EStructuralFeature = modelFacet.containmentMetaFeature.ecoreFeature in (let _eClass_:ecore::EClass = _containmentMF_.eContainingClass in _eClass_.ePackage.nsURI = 'http:///gestionmodelosconsultas/modeloconsultas/model.ecore' and _eClass_.name = 'ElementoConsulta') and _containmentMF_.name = 'listCampos')">
    <nodeLabelTraces
        visualID="5001"
        queryText="true"/>
  </childNodeTraces>
  <childNodeTraces
      visualID="3002"
      queryText="(let _eClass_:ecore::EClass = modelFacet.metaClass.ecoreClass in _eClass_.ePackage.nsURI = 'http:///gestionmodelosconsultas/modeloconsultas/model.ecore' and _eClass_.name = 'Campo') and (let _containmentMF_:ecore::EStructuralFeature = modelFacet.containmentMetaFeature.ecoreFeature in (let _eClass_:ecore::EClass = _containmentMF_.eContainingClass in _eClass_.ePackage.nsURI = 'http:///gestionmodelosconsultas/modeloconsultas/model.ecore' and _eClass_.name = 'ElementoConsulta') and _containmentMF_.name = 'listCampos')">
    <nodeLabelTraces
        visualID="5003"
        queryText="true"/>
  </childNodeTraces>
  <childNodeTraces
      visualID="3003"
      queryText="(let _eClass_:ecore::EClass = modelFacet.metaClass.ecoreClass in _eClass_.ePackage.nsURI = 'http:///gestionmodelosconsultas/modeloconsultas/model.ecore' and _eClass_.name = 'Campo') and (let _containmentMF_:ecore::EStructuralFeature = modelFacet.containmentMetaFeature.ecoreFeature in (let _eClass_:ecore::EClass = _containmentMF_.eContainingClass in _eClass_.ePackage.nsURI = 'http:///gestionmodelosconsultas/modeloconsultas/model.ecore' and _eClass_.name = 'ElementoConsulta') and _containmentMF_.name = 'listCampos')">
    <nodeLabelTraces
        visualID="5005"
        queryText="true"/>
  </childNodeTraces>
  <childNodeTraces
      visualID="3004"
      queryText="(let _eClass_:ecore::EClass = modelFacet.metaClass.ecoreClass in _eClass_.ePackage.nsURI = 'http:///gestionmodelosconsultas/modeloconsultas/model.ecore' and _eClass_.name = 'Campo') and (let _containmentMF_:ecore::EStructuralFeature = modelFacet.containmentMetaFeature.ecoreFeature in (let _eClass_:ecore::EClass = _containmentMF_.eContainingClass in _eClass_.ePackage.nsURI = 'http:///gestionmodelosconsultas/modeloconsultas/model.ecore' and _eClass_.name = 'ElementoConsulta') and _containmentMF_.name = 'listCampos')">
    <nodeLabelTraces
        visualID="5007"
        queryText="true"/>
  </childNodeTraces>
  <childNodeTraces
      visualID="3005"
      queryText="(let _eClass_:ecore::EClass = modelFacet.metaClass.ecoreClass in _eClass_.ePackage.nsURI = 'http:///gestionmodelosconsultas/modeloconsultas/model.ecore' and _eClass_.name = 'Campo') and (let _containmentMF_:ecore::EStructuralFeature = modelFacet.containmentMetaFeature.ecoreFeature in (let _eClass_:ecore::EClass = _containmentMF_.eContainingClass in _eClass_.ePackage.nsURI = 'http:///gestionmodelosconsultas/modeloconsultas/model.ecore' and _eClass_.name = 'ElementoConsulta') and _containmentMF_.name = 'listCampos')">
    <nodeLabelTraces
        visualID="5009"
        queryText="true"/>
  </childNodeTraces>
  <childNodeTraces
      visualID="3006"
      queryText="(let _eClass_:ecore::EClass = modelFacet.metaClass.ecoreClass in _eClass_.ePackage.nsURI = 'http:///gestionmodelosconsultas/modeloconsultas/model.ecore' and _eClass_.name = 'Campo') and (let _containmentMF_:ecore::EStructuralFeature = modelFacet.containmentMetaFeature.ecoreFeature in (let _eClass_:ecore::EClass = _containmentMF_.eContainingClass in _eClass_.ePackage.nsURI = 'http:///gestionmodelosconsultas/modeloconsultas/model.ecore' and _eClass_.name = 'ElementoConsulta') and _containmentMF_.name = 'listCampos')">
    <nodeLabelTraces
        visualID="5011"
        queryText="true"/>
  </childNodeTraces>
  <childNodeTraces
      visualID="3007"
      queryText="(let _eClass_:ecore::EClass = modelFacet.metaClass.ecoreClass in _eClass_.ePackage.nsURI = 'http:///gestionmodelosconsultas/modeloconsultas/model.ecore' and _eClass_.name = 'Campo') and (let _containmentMF_:ecore::EStructuralFeature = modelFacet.containmentMetaFeature.ecoreFeature in (let _eClass_:ecore::EClass = _containmentMF_.eContainingClass in _eClass_.ePackage.nsURI = 'http:///gestionmodelosconsultas/modeloconsultas/model.ecore' and _eClass_.name = 'ElementoConsulta') and _containmentMF_.name = 'listCampos')">
    <nodeLabelTraces
        visualID="5013"
        queryText="true"/>
  </childNodeTraces>
  <childNodeTraces
      visualID="3008"
      queryText="(let _eClass_:ecore::EClass = modelFacet.metaClass.ecoreClass in _eClass_.ePackage.nsURI = 'http:///gestionmodelosconsultas/modeloconsultas/model.ecore' and _eClass_.name = 'Campo') and (let _containmentMF_:ecore::EStructuralFeature = modelFacet.containmentMetaFeature.ecoreFeature in (let _eClass_:ecore::EClass = _containmentMF_.eContainingClass in _eClass_.ePackage.nsURI = 'http:///gestionmodelosconsultas/modeloconsultas/model.ecore' and _eClass_.name = 'ElementoConsulta') and _containmentMF_.name = 'listCampos')">
    <nodeLabelTraces
        visualID="5015"
        queryText="true"/>
  </childNodeTraces>
  <childNodeTraces
      visualID="3009"
      queryText="(let _eClass_:ecore::EClass = modelFacet.metaClass.ecoreClass in _eClass_.ePackage.nsURI = 'http:///gestionmodelosconsultas/modeloconsultas/model.ecore' and _eClass_.name = 'Campo') and (let _containmentMF_:ecore::EStructuralFeature = modelFacet.containmentMetaFeature.ecoreFeature in (let _eClass_:ecore::EClass = _containmentMF_.eContainingClass in _eClass_.ePackage.nsURI = 'http:///gestionmodelosconsultas/modeloconsultas/model.ecore' and _eClass_.name = 'ElementoConsulta') and _containmentMF_.name = 'listCampos')">
    <nodeLabelTraces
        visualID="5017"
        queryText="true"/>
  </childNodeTraces>
  <childNodeTraces
      visualID="3010"
      queryText="(let _eClass_:ecore::EClass = modelFacet.metaClass.ecoreClass in _eClass_.ePackage.nsURI = 'http:///gestionmodelosconsultas/modeloconsultas/model.ecore' and _eClass_.name = 'Campo') and (let _containmentMF_:ecore::EStructuralFeature = modelFacet.containmentMetaFeature.ecoreFeature in (let _eClass_:ecore::EClass = _containmentMF_.eContainingClass in _eClass_.ePackage.nsURI = 'http:///gestionmodelosconsultas/modeloconsultas/model.ecore' and _eClass_.name = 'ElementoConsulta') and _containmentMF_.name = 'listCampos')">
    <nodeLabelTraces
        visualID="5019"
        queryText="true"/>
  </childNodeTraces>
  <childNodeTraces
      visualID="3011"
      queryText="(let _eClass_:ecore::EClass = modelFacet.metaClass.ecoreClass in _eClass_.ePackage.nsURI = 'http:///gestionmodelosconsultas/modeloconsultas/model.ecore' and _eClass_.name = 'Campo') and (let _containmentMF_:ecore::EStructuralFeature = modelFacet.containmentMetaFeature.ecoreFeature in (let _eClass_:ecore::EClass = _containmentMF_.eContainingClass in _eClass_.ePackage.nsURI = 'http:///gestionmodelosconsultas/modeloconsultas/model.ecore' and _eClass_.name = 'ElementoConsulta') and _containmentMF_.name = 'listCampos')">
    <nodeLabelTraces
        visualID="5021"
        queryText="true"/>
  </childNodeTraces>
  <childNodeTraces
      visualID="3012"
      queryText="(let _eClass_:ecore::EClass = modelFacet.metaClass.ecoreClass in _eClass_.ePackage.nsURI = 'http:///gestionmodelosconsultas/modeloconsultas/model.ecore' and _eClass_.name = 'Campo') and (let _containmentMF_:ecore::EStructuralFeature = modelFacet.containmentMetaFeature.ecoreFeature in (let _eClass_:ecore::EClass = _containmentMF_.eContainingClass in _eClass_.ePackage.nsURI = 'http:///gestionmodelosconsultas/modeloconsultas/model.ecore' and _eClass_.name = 'ElementoConsulta') and _containmentMF_.name = 'listCampos')">
    <nodeLabelTraces
        visualID="5023"
        queryText="true"/>
  </childNodeTraces>
  <linkTraces
      visualID="4001"
      queryText="modelFacet.oclIsKindOf(gmfgen::TypeLinkModelFacet) and (let _eClass_:ecore::EClass = modelFacet.oclAsType(gmfgen::TypeLinkModelFacet).metaClass.ecoreClass in _eClass_.ePackage.nsURI = 'http:///gestionmodelosconsultas/modeloconsultas/model.ecore' and _eClass_.name = 'Relacion')"/>
</trace:TraceModel>
